<?xml version="1.0" encoding="UTF-8"?>
<!-- Generated by org.testng.reporters.JUnitXMLReporter -->
<testsuite ignored="0" hostname="PC" failures="0" tests="4" name="BankingApp Test" time="71.598" errors="0" timestamp="19 Sep 2023 09:34:22 GMT">
  <testcase classname="com.inetbanking.testCases.TC_login_001" name="logintest" time="3.711"/>
  <testcase classname="com.inetbanking.testCases.TC_LoginDDT_002" name="loginDDT" time="7.372"/>
  <testcase classname="com.inetbanking.testCases.TC_LoginDDT_002" name="loginDDT" time="7.886"/>
  <testcase classname="com.inetbanking.testCases.TCC_AddCustomer_003" name="addNewCustomer" time="18.542"/>
</testsuite> <!-- BankingApp Test -->
