<?xml version="1.0" encoding="UTF-8"?>
<!-- Generated by org.testng.reporters.JUnitXMLReporter -->
<testsuite ignored="0" hostname="PC" failures="0" tests="4" name="BankingApp Test" time="71.465" errors="0" timestamp="21 Sep 2023 08:37:58 GMT">
  <testcase classname="com.inetbanking.testCases.TC_login_001" name="logintest" time="3.601"/>
  <testcase classname="com.inetbanking.testCases.TC_LoginDDT_002" name="loginDDT" time="6.185"/>
  <testcase classname="com.inetbanking.testCases.TC_LoginDDT_002" name="loginDDT" time="6.278"/>
  <testcase classname="com.inetbanking.testCases.TCC_AddCustomer_003" name="addNewCustomer" time="19.707"/>
</testsuite> <!-- BankingApp Test -->
