<?xml version="1.0" encoding="UTF-8"?>
<testsuite name="TestSuite" time="29.507" tests="4" errors="0" skipped="0" failures="0">
  <properties>
[...]
</properties>
  <testcase name="logintest" classname="com.inetbanking.testCases.TC_login_001" time="3.614"/>
  <testcase name="loginDDT" classname="com.inetbanking.testCases.TC_LoginDDT_002" time="6.186"/>
  <testcase name="loginDDT" classname="com.inetbanking.testCases.TC_LoginDDT_002" time="6.278"/>
  <testcase name="addNewCustomer" classname="com.inetbanking.testCases.TCC_AddCustomer_003" time="19.707"/>
</testsuite>