<?xml version="1.0" encoding="UTF-8"?>
<testng-results ignored="0" total="4" passed="4" failed="0" skipped="0">
  <reporter-output>
  </reporter-output>
  <suite started-at="2023-09-19T09:33:11Z" name="InetBankingV1" finished-at="2023-09-19T09:34:22Z" duration-ms="71598">
    <groups>
    </groups>
    <test started-at="2023-09-19T09:33:11Z" name="BankingApp Test" finished-at="2023-09-19T09:34:22Z" duration-ms="71598">
      <class name="com.inetbanking.testCases.TC_LoginDDT_002">
        <test-method is-config="true" signature="setup(java.lang.String)[pri:0, instance:com.inetbanking.testCases.TC_LoginDDT_002@1fb700ee]" started-at="2023-09-19T09:33:28Z" name="setup" finished-at="2023-09-19T09:33:37Z" duration-ms="9041" status="PASS">
          <params>
            <param index="0">
              <value>
                <![CDATA[chrome]]>
              </value>
            </param>
          </params>
          <reporter-output>
          </reporter-output>
        </test-method> <!-- setup -->
        <test-method signature="loginDDT(java.lang.String, java.lang.String)[pri:0, instance:com.inetbanking.testCases.TC_LoginDDT_002@1fb700ee]" started-at="2023-09-19T09:33:38Z" name="loginDDT" data-provider="LoginData" finished-at="2023-09-19T09:33:45Z" duration-ms="7372" status="PASS">
          <params>
            <param index="0">
              <value>
                <![CDATA[mngr528654]]>
              </value>
            </param>
            <param index="1">
              <value>
                <![CDATA[rysUjAh]]>
              </value>
            </param>
          </params>
          <reporter-output>
          </reporter-output>
        </test-method> <!-- loginDDT -->
        <test-method signature="loginDDT(java.lang.String, java.lang.String)[pri:0, instance:com.inetbanking.testCases.TC_LoginDDT_002@1fb700ee]" started-at="2023-09-19T09:33:45Z" name="loginDDT" data-provider="LoginData" finished-at="2023-09-19T09:33:53Z" duration-ms="7886" status="PASS">
          <params>
            <param index="0">
              <value>
                <![CDATA[mngr528654]]>
              </value>
            </param>
            <param index="1">
              <value>
                <![CDATA[rysUjAh]]>
              </value>
            </param>
          </params>
          <reporter-output>
          </reporter-output>
        </test-method> <!-- loginDDT -->
        <test-method is-config="true" signature="tearDown()[pri:0, instance:com.inetbanking.testCases.TC_LoginDDT_002@1fb700ee]" started-at="2023-09-19T09:33:53Z" name="tearDown" finished-at="2023-09-19T09:33:54Z" duration-ms="694" status="PASS">
          <reporter-output>
          </reporter-output>
        </test-method> <!-- tearDown -->
      </class> <!-- com.inetbanking.testCases.TC_LoginDDT_002 -->
      <class name="com.inetbanking.testCases.TCC_AddCustomer_003">
        <test-method is-config="true" signature="setup(java.lang.String)[pri:0, instance:com.inetbanking.testCases.TCC_AddCustomer_003@4f67eb2a]" started-at="2023-09-19T09:33:54Z" name="setup" finished-at="2023-09-19T09:34:03Z" duration-ms="9044" status="PASS">
          <params>
            <param index="0">
              <value>
                <![CDATA[chrome]]>
              </value>
            </param>
          </params>
          <reporter-output>
          </reporter-output>
        </test-method> <!-- setup -->
        <test-method signature="addNewCustomer()[pri:0, instance:com.inetbanking.testCases.TCC_AddCustomer_003@4f67eb2a]" started-at="2023-09-19T09:34:03Z" name="addNewCustomer" finished-at="2023-09-19T09:34:22Z" duration-ms="18542" status="PASS">
          <reporter-output>
          </reporter-output>
        </test-method> <!-- addNewCustomer -->
        <test-method is-config="true" signature="tearDown()[pri:0, instance:com.inetbanking.testCases.TCC_AddCustomer_003@4f67eb2a]" started-at="2023-09-19T09:34:22Z" name="tearDown" finished-at="2023-09-19T09:34:22Z" duration-ms="703" status="PASS">
          <reporter-output>
          </reporter-output>
        </test-method> <!-- tearDown -->
      </class> <!-- com.inetbanking.testCases.TCC_AddCustomer_003 -->
      <class name="com.inetbanking.testCases.TC_login_001">
        <test-method is-config="true" signature="setup(java.lang.String)[pri:0, instance:com.inetbanking.testCases.TC_login_001@46fa7c39]" started-at="2023-09-19T09:33:11Z" name="setup" finished-at="2023-09-19T09:33:24Z" duration-ms="12849" status="PASS">
          <params>
            <param index="0">
              <value>
                <![CDATA[chrome]]>
              </value>
            </param>
          </params>
          <reporter-output>
          </reporter-output>
        </test-method> <!-- setup -->
        <test-method signature="logintest()[pri:0, instance:com.inetbanking.testCases.TC_login_001@46fa7c39]" started-at="2023-09-19T09:33:24Z" name="logintest" finished-at="2023-09-19T09:33:27Z" duration-ms="3711" status="PASS">
          <reporter-output>
          </reporter-output>
        </test-method> <!-- logintest -->
        <test-method is-config="true" signature="tearDown()[pri:0, instance:com.inetbanking.testCases.TC_login_001@46fa7c39]" started-at="2023-09-19T09:33:27Z" name="tearDown" finished-at="2023-09-19T09:33:28Z" duration-ms="717" status="PASS">
          <reporter-output>
          </reporter-output>
        </test-method> <!-- tearDown -->
      </class> <!-- com.inetbanking.testCases.TC_login_001 -->
    </test> <!-- BankingApp Test -->
  </suite> <!-- InetBankingV1 -->
</testng-results>
